TN:
SF:src/components/CarbonScoreCard.tsx
FN:14,(anonymous_0)
FN:20,(anonymous_1)
FNF:2
FNH:2
FNDA:12,(anonymous_0)
FNDA:12,(anonymous_1)
DA:14,2
DA:20,12
DA:21,12
DA:22,2
DA:24,10
DA:25,10
DA:32,12
DA:87,2
LF:8
LH:8
BRDA:21,0,0,2
BRDA:21,0,1,10
BRDA:70,1,0,1
BRDA:70,1,1,11
BRDA:72,2,0,8
BRDA:72,2,1,3
BRDA:74,3,0,1
BRDA:74,3,1,2
BRDA:76,4,0,1
BRDA:76,4,1,1
BRF:10
BRH:10
end_of_record
TN:
SF:src/components/ErrorScreen.tsx
FN:15,(anonymous_0)
FN:22,(anonymous_1)
FNF:2
FNH:2
FNDA:12,(anonymous_0)
FNDA:12,(anonymous_1)
DA:15,2
DA:22,12
DA:23,12
DA:64,12
DA:65,11
DA:76,1
DA:83,2
LF:7
LH:7
BRDA:16,0,0,8
BRDA:17,1,0,8
BRDA:20,2,0,11
BRDA:40,3,0,12
BRDA:40,3,1,6
BRDA:50,4,0,12
BRDA:50,4,1,3
BRDA:64,5,0,11
BRDA:64,5,1,1
BRF:9
BRH:9
end_of_record
TN:
SF:src/components/LoadingScreen.tsx
FN:12,(anonymous_0)
FN:16,(anonymous_1)
FNF:2
FNH:2
FNDA:18,(anonymous_0)
FNDA:18,(anonymous_1)
DA:12,2
DA:16,18
DA:17,18
DA:30,18
DA:31,17
DA:42,1
DA:49,2
LF:7
LH:7
BRDA:13,0,0,4
BRDA:14,1,0,17
BRDA:30,2,0,17
BRDA:30,2,1,1
BRF:4
BRH:4
end_of_record
TN:
SF:src/components/QuickStatsCard.tsx
FN:15,(anonymous_0)
FN:22,(anonymous_1)
FNF:2
FNH:2
FNDA:13,(anonymous_0)
FNDA:13,(anonymous_1)
DA:15,2
DA:22,13
DA:23,13
DA:24,1
DA:25,12
DA:26,5
DA:28,7
DA:31,13
DA:64,2
LF:9
LH:9
BRDA:23,0,0,1
BRDA:23,0,1,12
BRDA:25,1,0,5
BRDA:25,1,1,7
BRF:4
BRH:4
end_of_record
TN:
SF:src/components/RecentTransactionsCard.tsx
FN:27,(anonymous_0)
FN:31,(anonymous_1)
FN:35,(anonymous_2)
FN:43,(anonymous_3)
FN:71,(anonymous_4)
FNF:5
FNH:1
FNDA:3,(anonymous_0)
FNDA:0,(anonymous_1)
FNDA:0,(anonymous_2)
FNDA:0,(anonymous_3)
FNDA:0,(anonymous_4)
DA:27,1
DA:31,3
DA:32,0
DA:35,3
DA:36,0
DA:37,0
DA:43,3
DA:44,0
DA:47,3
DA:72,0
DA:128,1
LF:11
LH:6
BRDA:44,0,0,0
BRDA:44,0,1,0
BRDA:62,1,0,3
BRDA:62,1,1,0
BRDA:108,2,0,0
BRDA:108,2,1,0
BRF:6
BRH:1
end_of_record
TN:
SF:src/components/RecommendationsCard.tsx
FN:22,(anonymous_0)
FN:26,(anonymous_1)
FN:39,(anonymous_2)
FN:48,(anonymous_3)
FN:76,(anonymous_4)
FNF:5
FNH:0
FNDA:0,(anonymous_0)
FNDA:0,(anonymous_1)
FNDA:0,(anonymous_2)
FNDA:0,(anonymous_3)
FNDA:0,(anonymous_4)
DA:22,1
DA:26,0
DA:27,0
DA:29,0
DA:31,0
DA:33,0
DA:35,0
DA:39,0
DA:40,0
DA:41,0
DA:42,0
DA:43,0
DA:45,0
DA:48,0
DA:49,0
DA:52,0
DA:77,0
DA:139,1
LF:18
LH:2
BRDA:27,0,0,0
BRDA:27,0,1,0
BRDA:27,0,2,0
BRDA:27,0,3,0
BRDA:40,1,0,0
BRDA:40,1,1,0
BRDA:42,2,0,0
BRDA:42,2,1,0
BRDA:67,3,0,0
BRDA:67,3,1,0
BRDA:81,4,0,0
BRDA:81,4,1,0
BRDA:101,5,0,0
BRDA:101,5,1,0
BRF:14
BRH:0
end_of_record
TN:
SF:src/context/AuthContext.tsx
FN:31,(anonymous_0)
FNF:1
FNH:0
FNDA:0,(anonymous_0)
DA:29,0
DA:31,0
DA:32,0
DA:33,0
DA:34,0
DA:36,0
LF:6
LH:0
BRDA:33,0,0,0
BRDA:33,0,1,0
BRF:2
BRH:0
end_of_record
TN:
SF:src/screens/AnalyticsScreen.tsx
FN:27,(anonymous_0)
FN:34,(anonymous_1)
FN:57,(anonymous_2)
FN:61,(anonymous_3)
FN:67,(anonymous_4)
FN:70,(anonymous_5)
FN:76,(anonymous_6)
FN:79,(anonymous_7)
FN:87,(anonymous_8)
FN:90,(anonymous_9)
FN:94,(anonymous_10)
FN:95,(anonymous_11)
FN:102,(anonymous_12)
FN:143,(anonymous_13)
FN:150,(anonymous_14)
FN:157,(anonymous_15)
FN:213,(anonymous_16)
FN:233,(anonymous_17)
FN:236,(anonymous_18)
FN:237,(anonymous_19)
FN:249,(anonymous_20)
FN:250,(anonymous_21)
FN:285,(anonymous_22)
FN:286,(anonymous_23)
FN:307,(anonymous_24)
FN:312,(anonymous_25)
FN:317,(anonymous_26)
FNF:27
FNH:0
FNDA:0,(anonymous_0)
FNDA:0,(anonymous_1)
FNDA:0,(anonymous_2)
FNDA:0,(anonymous_3)
FNDA:0,(anonymous_4)
FNDA:0,(anonymous_5)
FNDA:0,(anonymous_6)
FNDA:0,(anonymous_7)
FNDA:0,(anonymous_8)
FNDA:0,(anonymous_9)
FNDA:0,(anonymous_10)
FNDA:0,(anonymous_11)
FNDA:0,(anonymous_12)
FNDA:0,(anonymous_13)
FNDA:0,(anonymous_14)
FNDA:0,(anonymous_15)
FNDA:0,(anonymous_16)
FNDA:0,(anonymous_17)
FNDA:0,(anonymous_18)
FNDA:0,(anonymous_19)
FNDA:0,(anonymous_20)
FNDA:0,(anonymous_21)
FNDA:0,(anonymous_22)
FNDA:0,(anonymous_23)
FNDA:0,(anonymous_24)
FNDA:0,(anonymous_25)
FNDA:0,(anonymous_26)
DA:25,0
DA:27,0
DA:28,0
DA:29,0
DA:30,0
DA:31,0
DA:32,0
DA:34,0
DA:35,0
DA:36,0
DA:37,0
DA:43,0
DA:44,0
DA:51,0
DA:53,0
DA:57,0
DA:58,0
DA:61,0
DA:62,0
DA:63,0
DA:64,0
DA:67,0
DA:68,0
DA:70,0
DA:76,0
DA:77,0
DA:79,0
DA:87,0
DA:90,0
DA:91,0
DA:93,0
DA:94,0
DA:95,0
DA:97,0
DA:102,0
DA:108,0
DA:109,0
DA:117,0
DA:143,0
DA:150,0
DA:157,0
DA:213,0
DA:233,0
DA:236,0
DA:237,0
DA:249,0
DA:250,0
DA:285,0
DA:286,0
DA:308,0
DA:313,0
DA:318,0
DA:331,0
LF:53
LH:0
BRDA:43,0,0,0
BRDA:43,0,1,0
BRDA:43,1,0,0
BRDA:43,1,1,0
BRDA:43,1,2,0
BRDA:68,2,0,0
BRDA:68,2,1,0
BRDA:71,3,0,0
BRDA:71,3,1,0
BRDA:77,4,0,0
BRDA:77,4,1,0
BRDA:82,5,0,0
BRDA:82,5,1,0
BRDA:91,6,0,0
BRDA:91,6,1,0
BRDA:102,7,0,0
BRDA:108,8,0,0
BRDA:108,8,1,0
BRDA:165,9,0,0
BRDA:165,9,1,0
BRDA:203,10,0,0
BRDA:203,10,1,0
BRDA:203,10,2,0
BRDA:207,11,0,0
BRDA:207,11,1,0
BRDA:213,12,0,0
BRDA:226,13,0,0
BRDA:226,13,1,0
BRDA:226,13,2,0
BRDA:230,14,0,0
BRDA:230,14,1,0
BRDA:237,15,0,0
BRDA:249,16,0,0
BRDA:250,17,0,0
BRDA:271,18,0,0
BRDA:271,18,1,0
BRDA:271,18,2,0
BRDA:275,19,0,0
BRDA:275,19,1,0
BRDA:285,20,0,0
BRDA:286,21,0,0
BRDA:302,22,0,0
BRDA:302,22,1,0
BRF:43
BRH:0
end_of_record
TN:
SF:src/screens/CarbonFootprintScreen.tsx
FN:25,(anonymous_0)
FN:30,(anonymous_1)
FN:34,(anonymous_2)
FN:48,(anonymous_3)
FN:54,(anonymous_4)
FN:72,(anonymous_5)
FN:80,(anonymous_6)
FN:88,(anonymous_7)
FN:136,(anonymous_8)
FN:223,(anonymous_9)
FN:308,(anonymous_10)
FN:349,(anonymous_11)
FN:397,(anonymous_12)
FN:412,(anonymous_13)
FNF:14
FNH:0
FNDA:0,(anonymous_0)
FNDA:0,(anonymous_1)
FNDA:0,(anonymous_2)
FNDA:0,(anonymous_3)
FNDA:0,(anonymous_4)
FNDA:0,(anonymous_5)
FNDA:0,(anonymous_6)
FNDA:0,(anonymous_7)
FNDA:0,(anonymous_8)
FNDA:0,(anonymous_9)
FNDA:0,(anonymous_10)
FNDA:0,(anonymous_11)
FNDA:0,(anonymous_12)
FNDA:0,(anonymous_13)
DA:23,0
DA:25,0
DA:26,0
DA:27,0
DA:28,0
DA:30,0
DA:31,0
DA:34,0
DA:35,0
DA:36,0
DA:37,0
DA:38,0
DA:39,0
DA:42,0
DA:44,0
DA:48,0
DA:49,0
DA:50,0
DA:51,0
DA:54,0
DA:55,0
DA:56,0
DA:57,0
DA:58,0
DA:59,0
DA:60,0
DA:62,0
DA:65,0
DA:66,0
DA:68,0
DA:72,0
DA:73,0
DA:74,0
DA:75,0
DA:76,0
DA:77,0
DA:80,0
DA:81,0
DA:82,0
DA:83,0
DA:84,0
DA:85,0
DA:88,0
DA:89,0
DA:91,0
DA:136,0
DA:139,0
DA:140,0
DA:148,0
DA:223,0
DA:309,0
DA:311,0
DA:312,0
DA:316,0
DA:350,0
DA:412,0
DA:413,0
DA:415,0
DA:417,0
DA:419,0
DA:421,0
DA:425,0
LF:62
LH:0
BRDA:38,0,0,0
BRDA:38,0,1,0
BRDA:38,1,0,0
BRDA:38,1,1,0
BRDA:58,2,0,0
BRDA:58,2,1,0
BRDA:62,3,0,0
BRDA:62,3,1,0
BRDA:73,4,0,0
BRDA:73,4,1,0
BRDA:74,5,0,0
BRDA:74,5,1,0
BRDA:75,6,0,0
BRDA:75,6,1,0
BRDA:76,7,0,0
BRDA:76,7,1,0
BRDA:81,8,0,0
BRDA:81,8,1,0
BRDA:82,9,0,0
BRDA:82,9,1,0
BRDA:83,10,0,0
BRDA:83,10,1,0
BRDA:84,11,0,0
BRDA:84,11,1,0
BRDA:89,12,0,0
BRDA:89,12,1,0
BRDA:94,13,0,0
BRDA:94,13,1,0
BRDA:101,14,0,0
BRDA:101,14,1,0
BRDA:108,15,0,0
BRDA:108,15,1,0
BRDA:115,16,0,0
BRDA:115,16,1,0
BRDA:122,17,0,0
BRDA:122,17,1,0
BRDA:129,18,0,0
BRDA:129,18,1,0
BRDA:139,19,0,0
BRDA:139,19,1,0
BRDA:156,20,0,0
BRDA:156,20,1,0
BRDA:213,21,0,0
BRDA:213,21,1,0
BRDA:223,22,0,0
BRDA:237,23,0,0
BRDA:237,23,1,0
BRDA:246,24,0,0
BRDA:246,24,1,0
BRDA:253,25,0,0
BRDA:253,25,1,0
BRDA:254,26,0,0
BRDA:254,26,1,0
BRDA:265,27,0,0
BRDA:265,27,1,0
BRDA:272,28,0,0
BRDA:272,28,1,0
BRDA:273,29,0,0
BRDA:273,29,1,0
BRDA:284,30,0,0
BRDA:284,30,1,0
BRDA:291,31,0,0
BRDA:291,31,1,0
BRDA:292,32,0,0
BRDA:292,32,1,0
BRDA:309,33,0,0
BRDA:309,33,1,0
BRDA:309,34,0,0
BRDA:309,34,1,0
BRDA:309,34,2,0
BRDA:309,34,3,0
BRDA:311,35,0,0
BRDA:311,35,1,0
BRDA:311,35,2,0
BRDA:312,36,0,0
BRDA:312,36,1,0
BRDA:329,37,0,0
BRDA:329,37,1,0
BRDA:344,38,0,0
BRDA:344,38,1,0
BRDA:344,38,2,0
BRDA:413,39,0,0
BRDA:413,39,1,0
BRDA:413,39,2,0
BRDA:413,39,3,0
BRF:85
BRH:0
end_of_record
TN:
SF:src/screens/CarbonTradingScreen.tsx
FN:46,(anonymous_0)
FN:58,(anonymous_1)
FN:62,(anonymous_2)
FN:94,(anonymous_3)
FN:100,(anonymous_4)
FN:141,(anonymous_5)
FN:151,(anonymous_6)
FN:161,(anonymous_7)
FN:167,(anonymous_8)
FN:175,(anonymous_9)
FN:312,(anonymous_10)
FN:319,(anonymous_11)
FNF:12
FNH:0
FNDA:0,(anonymous_0)
FNDA:0,(anonymous_1)
FNDA:0,(anonymous_2)
FNDA:0,(anonymous_3)
FNDA:0,(anonymous_4)
FNDA:0,(anonymous_5)
FNDA:0,(anonymous_6)
FNDA:0,(anonymous_7)
FNDA:0,(anonymous_8)
FNDA:0,(anonymous_9)
FNDA:0,(anonymous_10)
FNDA:0,(anonymous_11)
DA:46,0
DA:47,0
DA:48,0
DA:49,0
DA:50,0
DA:51,0
DA:52,0
DA:53,0
DA:54,0
DA:55,0
DA:56,0
DA:58,0
DA:59,0
DA:62,0
DA:63,0
DA:64,0
DA:67,0
DA:68,0
DA:69,0
DA:70,0
DA:71,0
DA:75,0
DA:76,0
DA:77,0
DA:81,0
DA:82,0
DA:83,0
DA:87,0
DA:88,0
DA:90,0
DA:94,0
DA:95,0
DA:96,0
DA:97,0
DA:100,0
DA:101,0
DA:102,0
DA:103,0
DA:106,0
DA:107,0
DA:108,0
DA:109,0
DA:112,0
DA:113,0
DA:114,0
DA:117,0
DA:118,0
DA:119,0
DA:125,0
DA:126,0
DA:127,0
DA:128,0
DA:129,0
DA:131,0
DA:134,0
DA:135,0
DA:137,0
DA:141,0
DA:142,0
DA:143,0
DA:144,0
DA:145,0
DA:146,0
DA:147,0
DA:151,0
DA:152,0
DA:153,0
DA:154,0
DA:155,0
DA:156,0
DA:157,0
DA:161,0
DA:162,0
DA:167,0
DA:168,0
DA:169,0
DA:170,0
DA:171,0
DA:172,0
DA:175,0
DA:176,0
DA:177,0
DA:178,0
DA:179,0
DA:180,0
DA:183,0
DA:184,0
DA:192,0
DA:313,0
DA:319,0
DA:459,0
LF:91
LH:0
BRDA:68,0,0,0
BRDA:68,0,1,0
BRDA:68,1,0,0
BRDA:68,1,1,0
BRDA:76,2,0,0
BRDA:76,2,1,0
BRDA:82,3,0,0
BRDA:82,3,1,0
BRDA:101,4,0,0
BRDA:101,4,1,0
BRDA:101,5,0,0
BRDA:101,5,1,0
BRDA:107,6,0,0
BRDA:107,6,1,0
BRDA:107,7,0,0
BRDA:107,7,1,0
BRDA:112,8,0,0
BRDA:112,8,1,0
BRDA:125,9,0,0
BRDA:125,9,1,0
BRDA:131,10,0,0
BRDA:131,10,1,0
BRDA:142,11,0,0
BRDA:142,11,1,0
BRDA:142,11,2,0
BRDA:142,11,3,0
BRDA:142,11,4,0
BRDA:152,12,0,0
BRDA:152,12,1,0
BRDA:152,12,2,0
BRDA:152,12,3,0
BRDA:152,12,4,0
BRDA:162,13,0,0
BRDA:162,13,1,0
BRDA:162,13,2,0
BRDA:168,14,0,0
BRDA:168,14,1,0
BRDA:169,15,0,0
BRDA:169,15,1,0
BRDA:170,16,0,0
BRDA:170,16,1,0
BRDA:171,17,0,0
BRDA:171,17,1,0
BRDA:176,18,0,0
BRDA:176,18,1,0
BRDA:177,19,0,0
BRDA:177,19,1,0
BRDA:178,20,0,0
BRDA:178,20,1,0
BRDA:179,21,0,0
BRDA:179,21,1,0
BRDA:183,22,0,0
BRDA:183,22,1,0
BRDA:245,23,0,0
BRDA:245,23,1,0
BRDA:296,24,0,0
BRDA:296,24,1,0
BRDA:317,25,0,0
BRDA:317,25,1,0
BRDA:383,26,0,0
BRDA:383,26,1,0
BRDA:410,27,0,0
BRDA:410,27,1,0
BRDA:420,28,0,0
BRDA:420,28,1,0
BRDA:432,29,0,0
BRDA:432,29,1,0
BRDA:444,30,0,0
BRDA:444,30,1,0
BRF:69
BRH:0
end_of_record
TN:
SF:src/screens/DashboardScreen.tsx
FN:28,(anonymous_0)
FN:35,(anonymous_1)
FN:39,(anonymous_2)
FN:57,(anonymous_3)
FN:63,(anonymous_4)
FN:71,(anonymous_5)
FN:149,(anonymous_6)
FN:174,(anonymous_7)
FN:181,(anonymous_8)
FN:192,(anonymous_9)
FN:199,(anonymous_10)
FN:206,(anonymous_11)
FN:213,(anonymous_12)
FN:220,(anonymous_13)
FN:227,(anonymous_14)
FN:241,(anonymous_15)
FNF:16
FNH:7
FNDA:19,(anonymous_0)
FNDA:6,(anonymous_1)
FNDA:7,(anonymous_2)
FNDA:0,(anonymous_3)
FNDA:3,(anonymous_4)
FNDA:3,(anonymous_5)
FNDA:4,(anonymous_6)
FNDA:0,(anonymous_7)
FNDA:0,(anonymous_8)
FNDA:0,(anonymous_9)
FNDA:0,(anonymous_10)
FNDA:0,(anonymous_11)
FNDA:0,(anonymous_12)
FNDA:0,(anonymous_13)
FNDA:0,(anonymous_14)
FNDA:1,(anonymous_15)
DA:28,1
DA:29,19
DA:30,19
DA:31,19
DA:32,19
DA:33,19
DA:35,19
DA:36,6
DA:39,19
DA:40,7
DA:41,7
DA:42,7
DA:43,7
DA:44,4
DA:45,3
DA:47,1
DA:50,2
DA:51,2
DA:53,6
DA:57,19
DA:58,0
DA:59,0
DA:60,0
DA:63,19
DA:64,3
DA:65,3
DA:66,0
DA:67,0
DA:68,0
DA:71,19
DA:72,3
DA:73,3
DA:74,0
DA:75,0
DA:76,0
DA:79,19
DA:80,13
DA:83,6
DA:84,3
DA:93,3
DA:150,4
DA:174,0
DA:181,0
DA:192,0
DA:199,0
DA:206,0
DA:213,0
DA:220,0
DA:227,0
DA:241,1
DA:249,1
LF:51
LH:34
BRDA:44,0,0,3
BRDA:44,0,1,1
BRDA:47,1,0,1
BRDA:47,1,1,0
BRDA:64,2,0,0
BRDA:64,2,1,3
BRDA:65,3,0,3
BRDA:65,3,1,0
BRDA:66,4,0,0
BRDA:66,4,1,0
BRDA:67,5,0,0
BRDA:67,5,1,0
BRDA:72,6,0,0
BRDA:72,6,1,3
BRDA:73,7,0,3
BRDA:73,7,1,0
BRDA:74,8,0,0
BRDA:74,8,1,0
BRDA:75,9,0,0
BRDA:75,9,1,0
BRDA:79,10,0,13
BRDA:79,10,1,6
BRDA:83,11,0,3
BRDA:83,11,1,3
BRDA:106,12,0,3
BRDA:106,12,1,0
BRDA:116,13,0,3
BRDA:116,13,1,3
BRDA:129,14,0,3
BRDA:129,14,1,1
BRDA:136,15,0,3
BRDA:136,15,1,1
BRDA:144,16,0,3
BRDA:144,16,1,2
BRDA:160,17,0,4
BRDA:160,17,1,0
BRDA:161,18,0,4
BRDA:161,18,1,0
BRDA:173,19,0,3
BRDA:173,19,1,1
BRDA:178,20,0,3
BRDA:178,20,1,2
BRDA:178,20,2,0
BRF:43
BRH:26
end_of_record
TN:
SF:src/screens/EmailAnalysisScreen.tsx
FN:24,(anonymous_0)
FN:37,(anonymous_1)
FN:42,(anonymous_2)
FN:56,(anonymous_3)
FN:67,(anonymous_4)
FN:101,(anonymous_5)
FN:109,(anonymous_6)
FN:118,(anonymous_7)
FN:122,(anonymous_8)
FN:132,(anonymous_9)
FN:136,(anonymous_10)
FN:196,(anonymous_11)
FN:205,(anonymous_12)
FN:205,(anonymous_13)
FN:214,(anonymous_14)
FN:214,(anonymous_15)
FN:225,(anonymous_16)
FN:225,(anonymous_17)
FN:236,(anonymous_18)
FN:236,(anonymous_19)
FN:289,(anonymous_20)
FN:294,(anonymous_21)
FN:312,(anonymous_22)
FN:344,(anonymous_23)
FNF:24
FNH:0
FNDA:0,(anonymous_0)
FNDA:0,(anonymous_1)
FNDA:0,(anonymous_2)
FNDA:0,(anonymous_3)
FNDA:0,(anonymous_4)
FNDA:0,(anonymous_5)
FNDA:0,(anonymous_6)
FNDA:0,(anonymous_7)
FNDA:0,(anonymous_8)
FNDA:0,(anonymous_9)
FNDA:0,(anonymous_10)
FNDA:0,(anonymous_11)
FNDA:0,(anonymous_12)
FNDA:0,(anonymous_13)
FNDA:0,(anonymous_14)
FNDA:0,(anonymous_15)
FNDA:0,(anonymous_16)
FNDA:0,(anonymous_17)
FNDA:0,(anonymous_18)
FNDA:0,(anonymous_19)
FNDA:0,(anonymous_20)
FNDA:0,(anonymous_21)
FNDA:0,(anonymous_22)
FNDA:0,(anonymous_23)
DA:24,0
DA:25,0
DA:26,0
DA:27,0
DA:28,0
DA:34,0
DA:35,0
DA:37,0
DA:38,0
DA:39,0
DA:42,0
DA:43,0
DA:44,0
DA:45,0
DA:46,0
DA:47,0
DA:50,0
DA:52,0
DA:56,0
DA:57,0
DA:58,0
DA:59,0
DA:60,0
DA:63,0
DA:67,0
DA:68,0
DA:69,0
DA:70,0
DA:73,0
DA:74,0
DA:75,0
DA:84,0
DA:85,0
DA:86,0
DA:87,0
DA:88,0
DA:89,0
DA:91,0
DA:94,0
DA:95,0
DA:97,0
DA:101,0
DA:102,0
DA:111,0
DA:118,0
DA:119,0
DA:122,0
DA:123,0
DA:124,0
DA:132,0
DA:133,0
DA:136,0
DA:137,0
DA:138,0
DA:139,0
DA:142,0
DA:143,0
DA:151,0
DA:196,0
DA:205,0
DA:214,0
DA:225,0
DA:236,0
DA:290,0
DA:295,0
DA:313,0
DA:344,0
DA:350,0
LF:68
LH:0
BRDA:46,0,0,0
BRDA:46,0,1,0
BRDA:59,1,0,0
BRDA:59,1,1,0
BRDA:68,2,0,0
BRDA:68,2,1,0
BRDA:68,3,0,0
BRDA:68,3,1,0
BRDA:78,4,0,0
BRDA:78,4,1,0
BRDA:79,5,0,0
BRDA:79,5,1,0
BRDA:84,6,0,0
BRDA:84,6,1,0
BRDA:91,7,0,0
BRDA:91,7,1,0
BRDA:133,8,0,0
BRDA:133,8,1,0
BRDA:137,9,0,0
BRDA:137,9,1,0
BRDA:138,10,0,0
BRDA:138,10,1,0
BRDA:142,11,0,0
BRDA:142,11,1,0
BRDA:155,12,0,0
BRDA:155,12,1,0
BRDA:195,13,0,0
BRDA:195,13,1,0
BRDA:200,14,0,0
BRDA:200,14,1,0
BRDA:248,15,0,0
BRDA:248,15,1,0
BRDA:248,15,2,0
BRDA:280,16,0,0
BRDA:280,16,1,0
BRDA:290,17,0,0
BRDA:290,17,1,0
BRDA:331,18,0,0
BRDA:331,18,1,0
BRF:39
BRH:0
end_of_record
TN:
SF:src/screens/IncentivesScreen.tsx
FN:50,(anonymous_0)
FN:235,(anonymous_1)
FN:244,(anonymous_2)
FN:246,(anonymous_3)
FN:256,(anonymous_4)
FN:259,(anonymous_5)
FN:264,(anonymous_6)
FN:270,(anonymous_7)
FN:370,(anonymous_8)
FN:425,(anonymous_9)
FN:451,(anonymous_10)
FN:469,(anonymous_11)
FN:475,(anonymous_12)
FN:495,(anonymous_13)
FNF:14
FNH:0
FNDA:0,(anonymous_0)
FNDA:0,(anonymous_1)
FNDA:0,(anonymous_2)
FNDA:0,(anonymous_3)
FNDA:0,(anonymous_4)
FNDA:0,(anonymous_5)
FNDA:0,(anonymous_6)
FNDA:0,(anonymous_7)
FNDA:0,(anonymous_8)
FNDA:0,(anonymous_9)
FNDA:0,(anonymous_10)
FNDA:0,(anonymous_11)
FNDA:0,(anonymous_12)
FNDA:0,(anonymous_13)
DA:17,0
DA:50,0
DA:51,0
DA:62,0
DA:145,0
DA:228,0
DA:229,0
DA:230,0
DA:232,0
DA:235,0
DA:236,0
DA:237,0
DA:238,0
DA:240,0
DA:241,0
DA:244,0
DA:245,0
DA:246,0
DA:250,0
DA:251,0
DA:252,0
DA:256,0
DA:257,0
DA:259,0
DA:260,0
DA:264,0
DA:265,0
DA:266,0
DA:267,0
DA:270,0
DA:271,0
DA:272,0
DA:273,0
DA:274,0
DA:275,0
DA:276,0
DA:277,0
DA:281,0
DA:371,0
DA:426,0
DA:451,0
DA:469,0
DA:475,0
DA:495,0
DA:515,0
LF:45
LH:0
BRDA:236,0,0,0
BRDA:236,0,1,0
BRDA:245,1,0,0
BRDA:245,1,1,0
BRDA:265,2,0,0
BRDA:265,2,1,0
BRDA:266,3,0,0
BRDA:266,3,1,0
BRDA:271,4,0,0
BRDA:271,4,1,0
BRDA:271,4,2,0
BRDA:271,4,3,0
BRDA:271,4,4,0
BRDA:271,4,5,0
BRDA:375,5,0,0
BRDA:375,5,1,0
BRDA:381,6,0,0
BRDA:381,6,1,0
BRDA:397,7,0,0
BRDA:397,7,1,0
BRDA:404,8,0,0
BRDA:404,8,1,0
BRDA:407,9,0,0
BRDA:407,9,1,0
BRDA:430,10,0,0
BRDA:430,10,1,0
BRDA:450,11,0,0
BRDA:450,11,1,0
BRDA:480,12,0,0
BRDA:480,12,1,0
BRF:30
BRH:0
end_of_record
TN:
SF:src/screens/LoginScreen.tsx
FN:23,(anonymous_0)
FN:29,(anonymous_1)
FN:109,(anonymous_2)
FNF:3
FNH:3
FNDA:28,(anonymous_0)
FNDA:6,(anonymous_1)
FNDA:1,(anonymous_2)
DA:23,1
DA:24,28
DA:25,28
DA:26,28
DA:27,28
DA:29,28
DA:30,6
DA:31,1
DA:32,1
DA:35,5
DA:36,5
DA:37,5
DA:39,3
DA:40,2
DA:42,1
DA:45,1
DA:46,1
DA:48,4
DA:52,28
DA:109,1
DA:142,1
LF:21
LH:21
BRDA:30,0,0,1
BRDA:30,0,1,5
BRDA:30,1,0,6
BRDA:30,1,1,5
BRDA:39,2,0,2
BRDA:39,2,1,1
BRDA:42,3,0,1
BRDA:42,3,1,0
BRDA:55,4,0,28
BRDA:55,4,1,0
BRDA:100,5,0,5
BRDA:100,5,1,23
BRF:12
BRH:10
end_of_record
TN:
SF:src/screens/ProfileScreen.tsx
FN:23,(anonymous_0)
FN:30,(anonymous_1)
FN:34,(anonymous_2)
FN:48,(anonymous_3)
FN:57,(anonymous_4)
FN:65,(anonymous_5)
FN:70,(anonymous_6)
FN:75,(anonymous_7)
FN:80,(anonymous_8)
FN:89,(anonymous_9)
FN:147,(anonymous_10)
FN:152,(anonymous_11)
FN:157,(anonymous_12)
FN:162,(anonymous_13)
FN:175,(anonymous_14)
FN:176,(anonymous_15)
FN:187,(anonymous_16)
FN:188,(anonymous_17)
FN:199,(anonymous_18)
FN:212,(anonymous_19)
FN:219,(anonymous_20)
FN:220,(anonymous_21)
FN:234,(anonymous_22)
FN:240,(anonymous_23)
FN:241,(anonymous_24)
FN:249,(anonymous_25)
FN:250,(anonymous_26)
FNF:27
FNH:0
FNDA:0,(anonymous_0)
FNDA:0,(anonymous_1)
FNDA:0,(anonymous_2)
FNDA:0,(anonymous_3)
FNDA:0,(anonymous_4)
FNDA:0,(anonymous_5)
FNDA:0,(anonymous_6)
FNDA:0,(anonymous_7)
FNDA:0,(anonymous_8)
FNDA:0,(anonymous_9)
FNDA:0,(anonymous_10)
FNDA:0,(anonymous_11)
FNDA:0,(anonymous_12)
FNDA:0,(anonymous_13)
FNDA:0,(anonymous_14)
FNDA:0,(anonymous_15)
FNDA:0,(anonymous_16)
FNDA:0,(anonymous_17)
FNDA:0,(anonymous_18)
FNDA:0,(anonymous_19)
FNDA:0,(anonymous_20)
FNDA:0,(anonymous_21)
FNDA:0,(anonymous_22)
FNDA:0,(anonymous_23)
FNDA:0,(anonymous_24)
FNDA:0,(anonymous_25)
FNDA:0,(anonymous_26)
DA:23,0
DA:24,0
DA:25,0
DA:26,0
DA:27,0
DA:28,0
DA:30,0
DA:31,0
DA:34,0
DA:35,0
DA:36,0
DA:37,0
DA:38,0
DA:39,0
DA:42,0
DA:44,0
DA:48,0
DA:49,0
DA:58,0
DA:65,0
DA:67,0
DA:70,0
DA:72,0
DA:75,0
DA:77,0
DA:80,0
DA:81,0
DA:91,0
DA:98,0
DA:99,0
DA:107,0
DA:147,0
DA:152,0
DA:157,0
DA:162,0
DA:175,0
DA:177,0
DA:187,0
DA:189,0
DA:199,0
DA:212,0
DA:219,0
DA:221,0
DA:234,0
DA:240,0
DA:242,0
DA:249,0
DA:251,0
DA:289,0
LF:49
LH:0
BRDA:38,0,0,0
BRDA:38,0,1,0
BRDA:98,1,0,0
BRDA:98,1,1,0
BRDA:116,2,0,0
BRDA:116,2,1,0
BRDA:116,2,2,0
BRDA:140,3,0,0
BRDA:140,3,1,0
BRF:9
BRH:0
end_of_record
TN:
SF:src/screens/RegisterScreen.tsx
FN:23,(anonymous_0)
FN:37,(anonymous_1)
FN:40,(anonymous_2)
FN:48,(anonymous_3)
FN:55,(anonymous_4)
FN:74,(anonymous_5)
FN:88,(anonymous_6)
FN:121,(anonymous_7)
FN:132,(anonymous_8)
FN:142,(anonymous_9)
FN:153,(anonymous_10)
FN:165,(anonymous_11)
FN:174,(anonymous_12)
FN:183,(anonymous_13)
FN:206,(anonymous_14)
FNF:15
FNH:0
FNDA:0,(anonymous_0)
FNDA:0,(anonymous_1)
FNDA:0,(anonymous_2)
FNDA:0,(anonymous_3)
FNDA:0,(anonymous_4)
FNDA:0,(anonymous_5)
FNDA:0,(anonymous_6)
FNDA:0,(anonymous_7)
FNDA:0,(anonymous_8)
FNDA:0,(anonymous_9)
FNDA:0,(anonymous_10)
FNDA:0,(anonymous_11)
FNDA:0,(anonymous_12)
FNDA:0,(anonymous_13)
FNDA:0,(anonymous_14)
DA:23,0
DA:24,0
DA:35,0
DA:37,0
DA:38,0
DA:39,0
DA:40,0
DA:48,0
DA:55,0
DA:56,0
DA:57,0
DA:58,0
DA:61,0
DA:62,0
DA:63,0
DA:66,0
DA:67,0
DA:68,0
DA:71,0
DA:74,0
DA:75,0
DA:77,0
DA:78,0
DA:79,0
DA:81,0
DA:82,0
DA:88,0
DA:93,0
DA:96,0
DA:97,0
DA:99,0
DA:103,0
DA:121,0
DA:132,0
DA:142,0
DA:153,0
DA:165,0
DA:174,0
DA:183,0
DA:206,0
DA:225,0
LF:41
LH:0
BRDA:38,0,0,0
BRDA:38,0,1,0
BRDA:56,1,0,0
BRDA:56,1,1,0
BRDA:56,2,0,0
BRDA:56,2,1,0
BRDA:56,2,2,0
BRDA:61,3,0,0
BRDA:61,3,1,0
BRDA:66,4,0,0
BRDA:66,4,1,0
BRDA:75,5,0,0
BRDA:75,5,1,0
BRDA:81,6,0,0
BRDA:81,6,1,0
BRDA:93,7,0,0
BRDA:93,7,1,0
BRDA:106,8,0,0
BRDA:106,8,1,0
BRDA:197,9,0,0
BRDA:197,9,1,0
BRF:21
BRH:0
end_of_record
TN:
SF:src/screens/ReportingScreen.tsx
FN:42,(anonymous_0)
FN:114,(anonymous_1)
FN:115,(anonymous_2)
FN:126,(anonymous_3)
FN:135,(anonymous_4)
FN:138,(anonymous_5)
FN:139,(anonymous_6)
FN:143,(anonymous_7)
FN:144,(anonymous_8)
FN:151,(anonymous_9)
FN:154,(anonymous_10)
FN:159,(anonymous_11)
FN:164,(anonymous_12)
FN:170,(anonymous_13)
FN:181,(anonymous_14)
FN:184,(anonymous_15)
FN:189,(anonymous_16)
FN:199,(anonymous_17)
FN:208,(anonymous_18)
FN:246,(anonymous_19)
FN:270,(anonymous_20)
FN:320,(anonymous_21)
FN:330,(anonymous_22)
FN:363,(anonymous_23)
FN:381,(anonymous_24)
FN:447,(anonymous_25)
FN:455,(anonymous_26)
FN:463,(anonymous_27)
FN:498,(anonymous_28)
FN:505,(anonymous_29)
FN:532,(anonymous_30)
FN:538,(anonymous_31)
FN:551,(anonymous_32)
FN:573,(anonymous_33)
FN:579,(anonymous_34)
FN:597,(anonymous_35)
FNF:36
FNH:0
FNDA:0,(anonymous_0)
FNDA:0,(anonymous_1)
FNDA:0,(anonymous_2)
FNDA:0,(anonymous_3)
FNDA:0,(anonymous_4)
FNDA:0,(anonymous_5)
FNDA:0,(anonymous_6)
FNDA:0,(anonymous_7)
FNDA:0,(anonymous_8)
FNDA:0,(anonymous_9)
FNDA:0,(anonymous_10)
FNDA:0,(anonymous_11)
FNDA:0,(anonymous_12)
FNDA:0,(anonymous_13)
FNDA:0,(anonymous_14)
FNDA:0,(anonymous_15)
FNDA:0,(anonymous_16)
FNDA:0,(anonymous_17)
FNDA:0,(anonymous_18)
FNDA:0,(anonymous_19)
FNDA:0,(anonymous_20)
FNDA:0,(anonymous_21)
FNDA:0,(anonymous_22)
FNDA:0,(anonymous_23)
FNDA:0,(anonymous_24)
FNDA:0,(anonymous_25)
FNDA:0,(anonymous_26)
FNDA:0,(anonymous_27)
FNDA:0,(anonymous_28)
FNDA:0,(anonymous_29)
FNDA:0,(anonymous_30)
FNDA:0,(anonymous_31)
FNDA:0,(anonymous_32)
FNDA:0,(anonymous_33)
FNDA:0,(anonymous_34)
FNDA:0,(anonymous_35)
DA:20,0
DA:42,0
DA:43,0
DA:44,0
DA:45,0
DA:46,0
DA:47,0
DA:48,0
DA:51,0
DA:60,0
DA:68,0
DA:74,0
DA:109,0
DA:114,0
DA:115,0
DA:126,0
DA:134,0
DA:135,0
DA:138,0
DA:139,0
DA:143,0
DA:144,0
DA:150,0
DA:151,0
DA:154,0
DA:159,0
DA:160,0
DA:161,0
DA:164,0
DA:165,0
DA:166,0
DA:167,0
DA:170,0
DA:171,0
DA:172,0
DA:177,0
DA:181,0
DA:182,0
DA:184,0
DA:185,0
DA:189,0
DA:190,0
DA:191,0
DA:192,0
DA:193,0
DA:194,0
DA:195,0
DA:199,0
DA:200,0
DA:201,0
DA:202,0
DA:203,0
DA:204,0
DA:208,0
DA:209,0
DA:247,0
DA:270,0
DA:271,0
DA:320,0
DA:321,0
DA:331,0
DA:363,0
DA:364,0
DA:381,0
DA:382,0
DA:426,0
DA:447,0
DA:455,0
DA:463,0
DA:499,0
DA:505,0
DA:532,0
DA:538,0
DA:551,0
DA:573,0
DA:579,0
DA:597,0
DA:618,0
LF:78
LH:0
BRDA:114,0,0,0
BRDA:115,1,0,0
BRDA:139,2,0,0
BRDA:144,3,0,0
BRDA:190,4,0,0
BRDA:190,4,1,0
BRDA:190,4,2,0
BRDA:190,4,3,0
BRDA:190,4,4,0
BRDA:200,5,0,0
BRDA:200,5,1,0
BRDA:200,5,2,0
BRDA:200,5,3,0
BRDA:252,6,0,0
BRDA:252,6,1,0
BRDA:254,7,0,0
BRDA:254,7,1,0
BRDA:258,8,0,0
BRDA:258,8,1,0
BRDA:503,9,0,0
BRDA:503,9,1,0
BRDA:509,10,0,0
BRDA:509,10,1,0
BRDA:520,11,0,0
BRDA:520,11,1,0
BRDA:521,12,0,0
BRDA:521,12,1,0
BRDA:522,13,0,0
BRDA:522,13,1,0
BRDA:523,14,0,0
BRDA:523,14,1,0
BRDA:524,15,0,0
BRDA:524,15,1,0
BRF:33
BRH:0
end_of_record
TN:
SF:src/screens/SMSAnalysisScreen.tsx
FN:27,(anonymous_0)
FN:39,(anonymous_1)
FN:45,(anonymous_2)
FN:53,(anonymous_3)
FN:63,(anonymous_4)
FN:88,(anonymous_5)
FN:99,(anonymous_6)
FN:110,(anonymous_7)
FN:119,(anonymous_8)
FN:137,(anonymous_9)
FN:146,(anonymous_10)
FN:158,(anonymous_11)
FN:164,(anonymous_12)
FN:199,(anonymous_13)
FN:203,(anonymous_14)
FN:213,(anonymous_15)
FN:217,(anonymous_16)
FN:223,(anonymous_17)
FN:426,(anonymous_18)
FN:431,(anonymous_19)
FN:449,(anonymous_20)
FN:481,(anonymous_21)
FNF:22
FNH:0
FNDA:0,(anonymous_0)
FNDA:0,(anonymous_1)
FNDA:0,(anonymous_2)
FNDA:0,(anonymous_3)
FNDA:0,(anonymous_4)
FNDA:0,(anonymous_5)
FNDA:0,(anonymous_6)
FNDA:0,(anonymous_7)
FNDA:0,(anonymous_8)
FNDA:0,(anonymous_9)
FNDA:0,(anonymous_10)
FNDA:0,(anonymous_11)
FNDA:0,(anonymous_12)
FNDA:0,(anonymous_13)
FNDA:0,(anonymous_14)
FNDA:0,(anonymous_15)
FNDA:0,(anonymous_16)
FNDA:0,(anonymous_17)
FNDA:0,(anonymous_18)
FNDA:0,(anonymous_19)
FNDA:0,(anonymous_20)
FNDA:0,(anonymous_21)
DA:27,0
DA:28,0
DA:29,0
DA:30,0
DA:31,0
DA:32,0
DA:33,0
DA:34,0
DA:35,0
DA:36,0
DA:37,0
DA:39,0
DA:40,0
DA:45,0
DA:46,0
DA:47,0
DA:48,0
DA:49,0
DA:50,0
DA:53,0
DA:54,0
DA:55,0
DA:56,0
DA:57,0
DA:59,0
DA:63,0
DA:64,0
DA:65,0
DA:67,0
DA:69,0
DA:73,0
DA:76,0
DA:77,0
DA:78,0
DA:82,0
DA:84,0
DA:88,0
DA:89,0
DA:90,0
DA:91,0
DA:92,0
DA:95,0
DA:99,0
DA:100,0
DA:101,0
DA:102,0
DA:103,0
DA:106,0
DA:110,0
DA:111,0
DA:112,0
DA:113,0
DA:115,0
DA:119,0
DA:120,0
DA:121,0
DA:122,0
DA:123,0
DA:124,0
DA:125,0
DA:126,0
DA:127,0
DA:130,0
DA:132,0
DA:133,0
DA:137,0
DA:138,0
DA:147,0
DA:148,0
DA:149,0
DA:150,0
DA:151,0
DA:158,0
DA:159,0
DA:160,0
DA:161,0
DA:164,0
DA:165,0
DA:166,0
DA:167,0
DA:170,0
DA:171,0
DA:173,0
DA:180,0
DA:182,0
DA:183,0
DA:184,0
DA:185,0
DA:186,0
DA:187,0
DA:189,0
DA:192,0
DA:193,0
DA:195,0
DA:199,0
DA:200,0
DA:203,0
DA:204,0
DA:205,0
DA:213,0
DA:214,0
DA:217,0
DA:218,0
DA:219,0
DA:220,0
DA:223,0
DA:224,0
DA:225,0
DA:226,0
DA:227,0
DA:230,0
DA:231,0
DA:239,0
DA:427,0
DA:432,0
DA:450,0
DA:483,0
DA:490,0
LF:118
LH:0
BRDA:56,0,0,0
BRDA:56,0,1,0
BRDA:67,1,0,0
BRDA:67,1,1,0
BRDA:77,2,0,0
BRDA:77,2,1,0
BRDA:91,3,0,0
BRDA:91,3,1,0
BRDA:102,4,0,0
BRDA:102,4,1,0
BRDA:122,5,0,0
BRDA:122,5,1,0
BRDA:124,6,0,0
BRDA:124,6,1,0
BRDA:165,7,0,0
BRDA:165,7,1,0
BRDA:182,8,0,0
BRDA:182,8,1,0
BRDA:214,9,0,0
BRDA:214,9,1,0
BRDA:218,10,0,0
BRDA:218,10,1,0
BRDA:219,11,0,0
BRDA:219,11,1,0
BRDA:224,12,0,0
BRDA:224,12,1,0
BRDA:225,13,0,0
BRDA:225,13,1,0
BRDA:226,14,0,0
BRDA:226,14,1,0
BRDA:230,15,0,0
BRDA:230,15,1,0
BRDA:253,16,0,0
BRDA:253,16,1,0
BRDA:254,17,0,0
BRDA:254,17,1,0
BRDA:260,18,0,0
BRDA:260,18,1,0
BRDA:264,19,0,0
BRDA:264,19,1,0
BRDA:266,20,0,0
BRDA:266,20,1,0
BRDA:268,21,0,0
BRDA:268,21,1,0
BRDA:270,22,0,0
BRDA:270,22,1,0
BRDA:277,23,0,0
BRDA:277,23,1,0
BRDA:300,24,0,0
BRDA:300,24,1,0
BRDA:306,25,0,0
BRDA:306,25,1,0
BRDA:313,26,0,0
BRDA:313,26,1,0
BRDA:315,27,0,0
BRDA:315,27,1,0
BRDA:317,28,0,0
BRDA:317,28,1,0
BRDA:321,29,0,0
BRDA:321,29,1,0
BRDA:324,30,0,0
BRDA:324,30,1,0
BRDA:325,31,0,0
BRDA:325,31,1,0
BRDA:330,32,0,0
BRDA:330,32,1,0
BRDA:333,33,0,0
BRDA:333,33,1,0
BRDA:334,34,0,0
BRDA:334,34,1,0
BRDA:339,35,0,0
BRDA:339,35,1,0
BRDA:342,36,0,0
BRDA:342,36,1,0
BRDA:343,37,0,0
BRDA:343,37,1,0
BRDA:353,38,0,0
BRDA:353,38,1,0
BRDA:405,39,0,0
BRDA:405,39,1,0
BRDA:417,40,0,0
BRDA:417,40,1,0
BRDA:427,41,0,0
BRDA:427,41,1,0
BRDA:468,42,0,0
BRDA:468,42,1,0
BRF:86
BRH:0
end_of_record
TN:
SF:src/screens/TransactionScreen.tsx
FN:21,(anonymous_0)
FN:42,(anonymous_1)
FN:46,(anonymous_2)
FN:60,(anonymous_3)
FN:66,(anonymous_4)
FN:71,(anonymous_5)
FN:80,(anonymous_6)
FN:87,(anonymous_7)
FN:91,(anonymous_8)
FN:95,(anonymous_9)
FN:104,(anonymous_10)
FN:108,(anonymous_11)
FN:135,(anonymous_12)
FN:139,(anonymous_13)
FN:144,(anonymous_14)
FN:147,(anonymous_15)
FN:165,(anonymous_16)
FN:169,(anonymous_17)
FN:207,(anonymous_18)
FN:210,(anonymous_19)
FN:280,(anonymous_20)
FNF:21
FNH:0
FNDA:0,(anonymous_0)
FNDA:0,(anonymous_1)
FNDA:0,(anonymous_2)
FNDA:0,(anonymous_3)
FNDA:0,(anonymous_4)
FNDA:0,(anonymous_5)
FNDA:0,(anonymous_6)
FNDA:0,(anonymous_7)
FNDA:0,(anonymous_8)
FNDA:0,(anonymous_9)
FNDA:0,(anonymous_10)
FNDA:0,(anonymous_11)
FNDA:0,(anonymous_12)
FNDA:0,(anonymous_13)
FNDA:0,(anonymous_14)
FNDA:0,(anonymous_15)
FNDA:0,(anonymous_16)
FNDA:0,(anonymous_17)
FNDA:0,(anonymous_18)
FNDA:0,(anonymous_19)
FNDA:0,(anonymous_20)
DA:21,0
DA:22,0
DA:23,0
DA:24,0
DA:25,0
DA:26,0
DA:27,0
DA:28,0
DA:30,0
DA:42,0
DA:43,0
DA:46,0
DA:47,0
DA:48,0
DA:49,0
DA:50,0
DA:51,0
DA:54,0
DA:56,0
DA:60,0
DA:61,0
DA:62,0
DA:63,0
DA:66,0
DA:67,0
DA:70,0
DA:71,0
DA:72,0
DA:78,0
DA:79,0
DA:80,0
DA:84,0
DA:87,0
DA:88,0
DA:91,0
DA:92,0
DA:95,0
DA:96,0
DA:97,0
DA:104,0
DA:105,0
DA:108,0
DA:109,0
DA:111,0
DA:113,0
DA:115,0
DA:117,0
DA:119,0
DA:123,0
DA:135,0
DA:139,0
DA:145,0
DA:148,0
DA:149,0
DA:166,0
DA:169,0
DA:208,0
DA:288,0
LF:58
LH:0
BRDA:50,0,0,0
BRDA:50,0,1,0
BRDA:70,1,0,0
BRDA:70,1,1,0
BRDA:72,2,0,0
BRDA:72,2,1,0
BRDA:78,3,0,0
BRDA:78,3,1,0
BRDA:105,4,0,0
BRDA:105,4,1,0
BRDA:109,5,0,0
BRDA:109,5,1,0
BRDA:109,5,2,0
BRDA:109,5,3,0
BRDA:109,5,4,0
BRDA:152,6,0,0
BRDA:152,6,1,0
BRDA:172,7,0,0
BRDA:172,7,1,0
BRDA:177,8,0,0
BRDA:177,8,1,0
BRDA:192,9,0,0
BRDA:192,9,1,0
BRDA:196,10,0,0
BRDA:196,10,1,0
BRDA:200,11,0,0
BRDA:200,11,1,0
BRDA:200,12,0,0
BRDA:200,12,1,0
BRDA:209,13,0,0
BRDA:209,13,1,0
BRDA:257,14,0,0
BRDA:257,14,1,0
BRF:33
BRH:0
end_of_record
TN:
SF:src/services/apiService.ts
FN:10,(anonymous_0)
FN:15,(anonymous_1)
FN:23,(anonymous_2)
FN:35,(anonymous_3)
FN:53,(anonymous_4)
FN:57,(anonymous_5)
FN:61,(anonymous_6)
FN:66,(anonymous_7)
FN:71,(anonymous_8)
FN:76,(anonymous_9)
FN:80,(anonymous_10)
FN:84,(anonymous_11)
FN:89,(anonymous_12)
FN:93,(anonymous_13)
FN:98,(anonymous_14)
FN:103,(anonymous_15)
FN:108,(anonymous_16)
FN:112,(anonymous_17)
FN:117,(anonymous_18)
FN:122,(anonymous_19)
FN:126,(anonymous_20)
FN:131,(anonymous_21)
FN:135,(anonymous_22)
FN:140,(anonymous_23)
FN:144,(anonymous_24)
FN:152,(anonymous_25)
FN:157,(anonymous_26)
FN:162,(anonymous_27)
FN:168,(anonymous_28)
FN:172,(anonymous_29)
FN:176,(anonymous_30)
FN:180,(anonymous_31)
FN:185,(anonymous_32)
FN:189,(anonymous_33)
FN:194,(anonymous_34)
FN:198,(anonymous_35)
FN:203,(anonymous_36)
FN:209,(anonymous_37)
FN:214,(anonymous_38)
FNF:39
FNH:10
FNDA:1,(anonymous_0)
FNDA:1,(anonymous_1)
FNDA:7,(anonymous_2)
FNDA:7,(anonymous_3)
FNDA:2,(anonymous_4)
FNDA:1,(anonymous_5)
FNDA:0,(anonymous_6)
FNDA:1,(anonymous_7)
FNDA:1,(anonymous_8)
FNDA:0,(anonymous_9)
FNDA:0,(anonymous_10)
FNDA:0,(anonymous_11)
FNDA:0,(anonymous_12)
FNDA:0,(anonymous_13)
FNDA:0,(anonymous_14)
FNDA:0,(anonymous_15)
FNDA:0,(anonymous_16)
FNDA:0,(anonymous_17)
FNDA:0,(anonymous_18)
FNDA:0,(anonymous_19)
FNDA:0,(anonymous_20)
FNDA:1,(anonymous_21)
FNDA:0,(anonymous_22)
FNDA:0,(anonymous_23)
FNDA:0,(anonymous_24)
FNDA:1,(anonymous_25)
FNDA:0,(anonymous_26)
FNDA:0,(anonymous_27)
FNDA:0,(anonymous_28)
FNDA:0,(anonymous_29)
FNDA:0,(anonymous_30)
FNDA:0,(anonymous_31)
FNDA:0,(anonymous_32)
FNDA:0,(anonymous_33)
FNDA:0,(anonymous_34)
FNDA:0,(anonymous_35)
FNDA:0,(anonymous_36)
FNDA:0,(anonymous_37)
FNDA:0,(anonymous_38)
DA:4,1
DA:8,1
DA:11,1
DA:12,1
DA:16,1
DA:17,1
DA:19,0
DA:24,7
DA:28,7
DA:29,0
DA:32,7
DA:36,7
DA:37,7
DA:44,7
DA:45,6
DA:47,1
DA:48,1
DA:54,2
DA:58,1
DA:62,0
DA:67,1
DA:72,1
DA:73,1
DA:77,0
DA:81,0
DA:85,0
DA:90,0
DA:94,0
DA:95,0
DA:99,0
DA:100,0
DA:104,0
DA:109,0
DA:113,0
DA:114,0
DA:118,0
DA:119,0
DA:123,0
DA:127,0
DA:132,1
DA:136,0
DA:137,0
DA:141,0
DA:145,0
DA:153,1
DA:154,1
DA:158,0
DA:159,0
DA:163,0
DA:164,0
DA:169,0
DA:173,0
DA:177,0
DA:181,0
DA:186,0
DA:190,0
DA:191,0
DA:195,0
DA:199,0
DA:200,0
DA:204,0
DA:205,0
DA:210,0
DA:211,0
DA:215,0
DA:216,0
DA:220,1
LF:67
LH:24
BRDA:28,0,0,0
BRDA:28,0,1,7
BRDA:72,1,0,1
BRDA:72,1,1,0
BRDA:94,2,0,0
BRDA:94,2,1,0
BRDA:99,3,0,0
BRDA:99,3,1,0
BRDA:113,4,0,0
BRDA:113,4,1,0
BRDA:118,5,0,0
BRDA:118,5,1,0
BRDA:136,6,0,0
BRDA:136,6,1,0
BRDA:153,7,0,1
BRDA:153,7,1,0
BRDA:158,8,0,0
BRDA:158,8,1,0
BRDA:163,9,0,0
BRDA:163,9,1,0
BRDA:190,10,0,0
BRDA:190,10,1,0
BRDA:199,11,0,0
BRDA:199,11,1,0
BRDA:204,12,0,0
BRDA:204,12,1,0
BRF:26
BRH:3
end_of_record
TN:
SF:src/theme/theme.ts
FNF:0
FNH:0
DA:3,6
DA:74,6
DA:109,6
DA:118,6
LF:4
LH:4
BRF:0
BRH:0
end_of_record
